<?xml version="1.0" encoding="UTF-8"?>
<!-- Generated by org.testng.reporters.JUnitReportReporter -->
<testsuite hostname="DESKTOP-JQHDF31" failures="0" tests="4" name="com.testingama.AmazonTestng" time="149.339" errors="0" timestamp="2022-11-17T11:50:00 IST" skipped="0">
  <testcase classname="com.testingama.AmazonTestng" name="browserLaunch" time="99.685"/>
  <system-out/>
  <testcase classname="com.testingama.AmazonTestng" name="searchBox" time="3.901"/>
  <system-out/>
  <testcase classname="com.testingama.AmazonTestng" name="enterSearch" time="41.070"/>
  <system-out/>
  <testcase classname="com.testingama.AmazonTestng" name="getCount" time="4.683"/>
  <system-out/>
</testsuite> <!-- com.testingama.AmazonTestng -->
